============================= test session starts =============================
platform win32 -- Python 3.13.10, pytest-9.0.2, pluggy-1.6.0 -- c:\Users\nicolas\Documents\GitHub\instagram\instagram-scraper\.venv\Scripts\python.exe
cachedir: .pytest_cache
rootdir: C:\Users\nicolas\Documents\GitHub\instagram\instagram-scraper
configfile: pyproject.toml
plugins: anyio-4.12.1, asyncio-1.3.0, mock-3.15.1
asyncio: mode=Mode.STRICT, debug=False, asyncio_default_fixture_loop_scope=None, asyncio_default_test_loop_scope=function
collecting ... collected 16 items

tests/test_closure_audit.py::test_audit_closure_output_uses_real_believerofbuckets_tree PASSED [  6%]
tests/test_closure_audit.py::test_audit_closure_output_counts_duplicate_rows_without_using_stale_files PASSED [ 12%]
tests/test_closure_audit.py::test_audit_closure_output_treats_same_id_different_text_comments_as_unique PASSED [ 18%]
tests/test_closure_audit.py::test_audit_closure_output_rejects_posts_csv_missing_required_headers PASSED [ 25%]
tests/test_closure_audit.py::test_audit_closure_output_rejects_partial_comments_csv_rows PASSED [ 31%]
tests/test_closure_audit.py::test_audit_closure_output_rejects_blank_required_error_fields PASSED [ 37%]
tests/test_closure_artifacts.py::test_inspect_closure_artifacts_uses_real_believerofbuckets_tree PASSED [ 43%]
tests/test_closure_artifacts.py::test_inspect_closure_artifacts_rejects_missing_authoritative_artifact PASSED [ 50%]
tests/test_closure_artifacts.py::test_validate_authoritative_artifact_policy_rejects_misclassification PASSED [ 56%]
tests/test_closure_artifacts.py::test_inspect_closure_artifacts_rejects_accounting_mismatch PASSED [ 62%]
tests/test_bounded_freshness.py::test_verify_shortcode_freshness_writes_blocked_evidence_bundle PASSED [ 68%]
tests/test_bounded_freshness.py::test_verify_shortcode_freshness_fails_closed_on_unexpected_success PASSED [ 75%]
tests/test_comment_dedupe.py::test_audit_comment_csv_uses_real_believerofbuckets_counts PASSED [ 81%]
tests/test_comment_dedupe.py::test_write_deduped_comment_csv_removes_only_exact_duplicate_rows PASSED [ 87%]
tests/test_comment_dedupe.py::test_write_deduped_comment_csv_keeps_unique_rows_intact PASSED [ 93%]
tests/test_comment_reconciliation.py::test_reconcile_authoritative_comment_outputs_dedupes_in_place_and_records_deltas PASSED [100%]

============================= 16 passed in 0.72s ==============================
